[debug] [2023-03-25T11:39:25.095Z] ----------------------------------------------------------------------
[debug] [2023-03-25T11:39:25.099Z] Command:       C:\Program Files\nodejs\node.exe C:\Users\DELL\AppData\Roaming\npm\node_modules\firebase-tools\lib\bin\firebase.js init
[debug] [2023-03-25T11:39:25.100Z] CLI Version:   11.25.1
[debug] [2023-03-25T11:39:25.100Z] Platform:      win32
[debug] [2023-03-25T11:39:25.101Z] Node Version:  v16.16.0
[debug] [2023-03-25T11:39:25.103Z] Time:          Sat Mar 25 2023 17:09:25 GMT+0530 (India Standard Time)
[debug] [2023-03-25T11:39:25.104Z] ----------------------------------------------------------------------
[debug] 
[debug] [2023-03-25T11:39:25.118Z] > command requires scopes: ["email","openid","https://www.googleapis.com/auth/cloudplatformprojects.readonly","https://www.googleapis.com/auth/firebase","https://www.googleapis.com/auth/cloud-platform"]
[debug] [2023-03-25T11:39:25.119Z] > authorizing via signed-in user (aparnachowdary72837@gmail.com)
[info] 
     ######## #### ########  ######## ########     ###     ######  ########
     ##        ##  ##     ## ##       ##     ##  ##   ##  ##       ##
     ######    ##  ########  ######   ########  #########  ######  ######
     ##        ##  ##    ##  ##       ##     ## ##     ##       ## ##
     ##       #### ##     ## ######## ########  ##     ##  ######  ########

You're about to initialize a Firebase project in this directory:

  C:\Users\DELL\Desktop\Amazon-Clone\amazon

[info] 
=== Project Setup
[info] 
[info] First, let's associate this project directory with a Firebase project.
[info] You can create multiple project aliases by running firebase use --add, 
[info] but for now we'll just set up a default project.
[info] 
[debug] [2023-03-25T11:41:23.913Z] >>> [apiv2][query] GET https://firebase.googleapis.com/v1beta1/projects pageSize=100
[debug] [2023-03-25T11:41:24.826Z] <<< [apiv2][status] GET https://firebase.googleapis.com/v1beta1/projects 200
[debug] [2023-03-25T11:41:24.827Z] <<< [apiv2][body] GET https://firebase.googleapis.com/v1beta1/projects [omitted]
[info] i  Using project clone-676d0 (Amazon-Clone) 
[info] 
=== Hosting Setup
[info] 
[info] Your public directory is the folder (relative to your project directory) that
[info] will contain Hosting assets to be uploaded with firebase deploy. If you
[info] have a build process for your assets, use your build's output directory.
[info] 
[debug] [2023-03-25T11:42:02.602Z] >>> [apiv2][query] GET https://www.gstatic.com/firebasejs/releases.json [none]
[debug] [2023-03-25T11:42:02.906Z] <<< [apiv2][status] GET https://www.gstatic.com/firebasejs/releases.json 200
[debug] [2023-03-25T11:42:02.906Z] <<< [apiv2][body] GET https://www.gstatic.com/firebasejs/releases.json {"current":{"version":"9.18.0","browserURL":"https://www.gstatic.com/firebasejs/9.18.0/firebase.js","packageURL":"https://www.gstatic.com/firebasejs/9.18.0/firebase.tgz"},"live":{"version":"9.18","browserURL":"https://www.gstatic.com/firebasejs/live/9.18/firebase.js","packageURL":"https://www.gstatic.com/firebasejs/live/9.18/firebase.tgz"},"components":{"analytics":"https://www.gstatic.com/firebasejs/9.18.0/firebase-analytics.js","app":"https://www.gstatic.com/firebasejs/9.18.0/firebase-app.js","app-check":"https://www.gstatic.com/firebasejs/9.18.0/firebase-app-check.js","auth":"https://www.gstatic.com/firebasejs/9.18.0/firebase-auth.js","auth/cordova":"https://www.gstatic.com/firebasejs/9.18.0/firebase-auth/cordova.js","auth/react-native":"https://www.gstatic.com/firebasejs/9.18.0/firebase-auth/react-native.js","functions":"https://www.gstatic.com/firebasejs/9.18.0/firebase-functions.js","firestore":"https://www.gstatic.com/firebasejs/9.18.0/firebase-firestore.js","firestore/lite":"https://www.gstatic.com/firebasejs/9.18.0/firebase-firestore/lite.js","installations":"https://www.gstatic.com/firebasejs/9.18.0/firebase-installations.js","storage":"https://www.gstatic.com/firebasejs/9.18.0/firebase-storage.js","performance":"https://www.gstatic.com/firebasejs/9.18.0/firebase-performance.js","remote-config":"https://www.gstatic.com/firebasejs/9.18.0/firebase-remote-config.js","messaging":"https://www.gstatic.com/firebasejs/9.18.0/firebase-messaging.js","messaging/sw":"https://www.gstatic.com/firebasejs/9.18.0/firebase-messaging/sw.js","database":"https://www.gstatic.com/firebasejs/9.18.0/firebase-database.js","firestore.memory":"https://www.gstatic.com/firebasejs/9.18.0/firebase-firestore.memory.js"}}
[info] +  Wrote build/index.html 
[info] 
[info] i  Didn't detect a .git folder. Assuming C:\Users\DELL\Desktop\Amazon-Clone\amazon is the project root. 
[info] i  Authorizing with GitHub to upload your service account to a GitHub repository's secrets store. 
[info] 
[info] Visit this URL on this device to log in:
[info] https://github.com/login/oauth/authorize?client_id=89cf50f02ac6aaed3484&state=829606123&redirect_uri=http%3A%2F%2Flocalhost%3A9005&scope=read%3Auser%20repo%20public_repo
[info] 
[info] Waiting for authentication...
[debug] [2023-03-25T11:42:49.479Z] >>> [apiv2][query] POST https://github.com/login/oauth/access_token [none]
[debug] [2023-03-25T11:42:49.481Z] >>> [apiv2][body] POST https://github.com/login/oauth/access_token [stream]
[debug] [2023-03-25T11:42:50.078Z] <<< [apiv2][status] POST https://github.com/login/oauth/access_token 200
[debug] [2023-03-25T11:42:50.079Z] <<< [apiv2][body] POST https://github.com/login/oauth/access_token {"access_token":"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","token_type":"bearer","scope":"read:user,repo"}
[debug] [2023-03-25T11:42:50.145Z] >>> [apiv2][query] GET https://api.github.com/user [none]
[debug] [2023-03-25T11:42:50.825Z] <<< [apiv2][status] GET https://api.github.com/user 200
[debug] [2023-03-25T11:42:50.825Z] <<< [apiv2][body] GET https://api.github.com/user {"login":"appu-p","id":108681377,"node_id":"U_kgDOBnpYoQ","avatar_url":"https://avatars.githubusercontent.com/u/108681377?v=4","gravatar_id":"","url":"https://api.github.com/users/appu-p","html_url":"https://github.com/appu-p","followers_url":"https://api.github.com/users/appu-p/followers","following_url":"https://api.github.com/users/appu-p/following{/other_user}","gists_url":"https://api.github.com/users/appu-p/gists{/gist_id}","starred_url":"https://api.github.com/users/appu-p/starred{/owner}{/repo}","subscriptions_url":"https://api.github.com/users/appu-p/subscriptions","organizations_url":"https://api.github.com/users/appu-p/orgs","repos_url":"https://api.github.com/users/appu-p/repos","events_url":"https://api.github.com/users/appu-p/events{/privacy}","received_events_url":"https://api.github.com/users/appu-p/received_events","type":"User","site_admin":false,"name":"aparna paladugu","company":null,"blog":"","location":null,"email":null,"hireable":null,"bio":null,"twitter_username":null,"public_repos":8,"public_gists":0,"followers":0,"following":0,"created_at":"2022-07-04T14:29:16Z","updated_at":"2023-03-25T11:41:06Z","private_gists":0,"total_private_repos":106,"owned_private_repos":106,"disk_usage":20976,"collaborators":0,"two_factor_authentication":false,"plan":{"name":"free","space":976562499,"collaborators":0,"private_repos":10000}}
[info] 
[info] +  Success! Logged into GitHub as appu-p 
[info] 
